{"message":"This is me","level":"info"}
{"message":"Tryna log in","level":"error"}
{"message":"accessed the home page","level":"info"}
{"message":"accessed the register page","level":"info"}
{"error":{},"level":"error","message":"uncaughtException: user.validPassword is not a function\nTypeError: user.validPassword is not a function\n    at C:\\Users\\ashis\\OneDrive\\Desktop\\Node\\Assignment\\index.js:31:17\n    at C:\\Users\\ashis\\OneDrive\\Desktop\\Node\\Assignment\\node_modules\\mongoose\\lib\\model.js:5074:18\n    at processTicksAndRejections (node:internal/process/task_queues:78:11)","stack":"TypeError: user.validPassword is not a function\n    at C:\\Users\\ashis\\OneDrive\\Desktop\\Node\\Assignment\\index.js:31:17\n    at C:\\Users\\ashis\\OneDrive\\Desktop\\Node\\Assignment\\node_modules\\mongoose\\lib\\model.js:5074:18\n    at processTicksAndRejections (node:internal/process/task_queues:78:11)","exception":true,"date":"Tue Aug 24 2021 13:44:17 GMT+0530 (India Standard Time)","process":{"pid":16052,"uid":null,"gid":null,"cwd":"C:\\Users\\ashis\\OneDrive\\Desktop\\Node\\Assignment","execPath":"C:\\Program Files (x86)\\nodejs\\node.exe","version":"v16.5.0","argv":["C:\\Program Files (x86)\\nodejs\\node.exe","C:\\Users\\ashis\\OneDrive\\Desktop\\Node\\Assignment\\index.js"],"memoryUsage":{"rss":40538112,"heapTotal":16584704,"heapUsed":14891304,"external":19269050,"arrayBuffers":18378704}},"os":{"loadavg":[0,0,0],"uptime":89575},"trace":[{"column":17,"file":"C:\\Users\\ashis\\OneDrive\\Desktop\\Node\\Assignment\\index.js","function":null,"line":31,"method":null,"native":false},{"column":18,"file":"C:\\Users\\ashis\\OneDrive\\Desktop\\Node\\Assignment\\node_modules\\mongoose\\lib\\model.js","function":null,"line":5074,"method":null,"native":false},{"column":11,"file":"node:internal/process/task_queues","function":"processTicksAndRejections","line":78,"method":null,"native":false}]}
{"message":"New User registered","level":"info"}
{"message":"New User registered","level":"info"}
{"message":"New User registered","level":"info"}
{"error":{"code":"ERR_HTTP_HEADERS_SENT"},"level":"error","message":"uncaughtException: Cannot set headers after they are sent to the client\nError [ERR_HTTP_HEADERS_SENT]: Cannot set headers after they are sent to the client\n    at new NodeError (node:internal/errors:370:5)\n    at ServerResponse.setHeader (node:_http_outgoing:573:11)\n    at ServerResponse.header (C:\\Users\\ashis\\OneDrive\\Desktop\\Node\\Assignment\\node_modules\\express\\lib\\response.js:771:10)\n    at ServerResponse.location (C:\\Users\\ashis\\OneDrive\\Desktop\\Node\\Assignment\\node_modules\\express\\lib\\response.js:888:15)\n    at ServerResponse.redirect (C:\\Users\\ashis\\OneDrive\\Desktop\\Node\\Assignment\\node_modules\\express\\lib\\response.js:926:18)\n    at C:\\Users\\ashis\\OneDrive\\Desktop\\Node\\Assignment\\index.js:80:13\n    at Strategy.strategy.error (C:\\Users\\ashis\\OneDrive\\Desktop\\Node\\Assignment\\node_modules\\passport\\lib\\middleware\\authenticate.js:361:9)\n    at verified (C:\\Users\\ashis\\OneDrive\\Desktop\\Node\\Assignment\\node_modules\\passport-local\\lib\\strategy.js:81:28)\n    at C:\\Users\\ashis\\OneDrive\\Desktop\\Node\\Assignment\\node_modules\\passport-local-mongoose\\index.js:205:77","stack":"Error [ERR_HTTP_HEADERS_SENT]: Cannot set headers after they are sent to the client\n    at new NodeError (node:internal/errors:370:5)\n    at ServerResponse.setHeader (node:_http_outgoing:573:11)\n    at ServerResponse.header (C:\\Users\\ashis\\OneDrive\\Desktop\\Node\\Assignment\\node_modules\\express\\lib\\response.js:771:10)\n    at ServerResponse.location (C:\\Users\\ashis\\OneDrive\\Desktop\\Node\\Assignment\\node_modules\\express\\lib\\response.js:888:15)\n    at ServerResponse.redirect (C:\\Users\\ashis\\OneDrive\\Desktop\\Node\\Assignment\\node_modules\\express\\lib\\response.js:926:18)\n    at C:\\Users\\ashis\\OneDrive\\Desktop\\Node\\Assignment\\index.js:80:13\n    at Strategy.strategy.error (C:\\Users\\ashis\\OneDrive\\Desktop\\Node\\Assignment\\node_modules\\passport\\lib\\middleware\\authenticate.js:361:9)\n    at verified (C:\\Users\\ashis\\OneDrive\\Desktop\\Node\\Assignment\\node_modules\\passport-local\\lib\\strategy.js:81:28)\n    at C:\\Users\\ashis\\OneDrive\\Desktop\\Node\\Assignment\\node_modules\\passport-local-mongoose\\index.js:205:77","exception":true,"date":"Tue Aug 24 2021 13:49:30 GMT+0530 (India Standard Time)","process":{"pid":15856,"uid":null,"gid":null,"cwd":"C:\\Users\\ashis\\OneDrive\\Desktop\\Node\\Assignment","execPath":"C:\\Program Files (x86)\\nodejs\\node.exe","version":"v16.5.0","argv":["C:\\Program Files (x86)\\nodejs\\node.exe","C:\\Users\\ashis\\OneDrive\\Desktop\\Node\\Assignment\\index.js"],"memoryUsage":{"rss":50798592,"heapTotal":32313344,"heapUsed":15023216,"external":19298242,"arrayBuffers":18407896}},"os":{"loadavg":[0,0,0],"uptime":89887},"trace":[{"column":5,"file":"node:internal/errors","function":"new NodeError","line":370,"method":null,"native":false},{"column":11,"file":"node:_http_outgoing","function":"ServerResponse.setHeader","line":573,"method":"setHeader","native":false},{"column":10,"file":"C:\\Users\\ashis\\OneDrive\\Desktop\\Node\\Assignment\\node_modules\\express\\lib\\response.js","function":"ServerResponse.header","line":771,"method":"header","native":false},{"column":15,"file":"C:\\Users\\ashis\\OneDrive\\Desktop\\Node\\Assignment\\node_modules\\express\\lib\\response.js","function":"ServerResponse.location","line":888,"method":"location","native":false},{"column":18,"file":"C:\\Users\\ashis\\OneDrive\\Desktop\\Node\\Assignment\\node_modules\\express\\lib\\response.js","function":"ServerResponse.redirect","line":926,"method":"redirect","native":false},{"column":13,"file":"C:\\Users\\ashis\\OneDrive\\Desktop\\Node\\Assignment\\index.js","function":null,"line":80,"method":null,"native":false},{"column":9,"file":"C:\\Users\\ashis\\OneDrive\\Desktop\\Node\\Assignment\\node_modules\\passport\\lib\\middleware\\authenticate.js","function":"Strategy.strategy.error","line":361,"method":"error","native":false},{"column":28,"file":"C:\\Users\\ashis\\OneDrive\\Desktop\\Node\\Assignment\\node_modules\\passport-local\\lib\\strategy.js","function":"verified","line":81,"method":null,"native":false},{"column":77,"file":"C:\\Users\\ashis\\OneDrive\\Desktop\\Node\\Assignment\\node_modules\\passport-local-mongoose\\index.js","function":null,"line":205,"method":null,"native":false}]}
{"message":"Trying to login","level":"info"}
{"message":"Trying to login","level":"info"}
{"message":"accessed the user profile page","level":"info"}
{"message":"Trying to logout","level":"info"}
{"message":"accessed the home page","level":"info"}
{"message":"Trying to login","level":"info"}
{"message":"accessed the user profile page","level":"info"}
{"message":"undefined has logged out","level":"info"}
{"message":"accessed the home page","level":"info"}
{"message":"Trying to login","level":"info"}
{"message":"accessed the user profile page","level":"info"}
{"message":"Acessed the intro page","level":"info"}
{"message":"Ashish has logged out","level":"info"}
{"message":"accessed the home page","level":"info"}
{"message":"accessed the home page","level":"info"}
{"message":"accessed the register page","level":"info"}
{"message":"New User registered","level":"info"}
{"message":"Trying to login","level":"info"}
{"message":"accessed the user profile page","level":"info"}
{"message":"Acessed the intro page","level":"info"}


//This is the log file{"message":"accessed the home page","level":"info"}
{"message":"accessed the register page","level":"info"}
{"message":"New User registered","level":"info"}
{"message":"Trying to login","level":"info"}
{"message":"accessed the user profile page","level":"info"}
{"message":"Acessed the intro page","level":"info"}
{"message":"Acessed the jobs page","level":"info"}
{"message":"Acessed the meme page","level":"info"}
{"message":"Acessed the meme page","level":"info"}
{"message":"accessed the home page","level":"info"}
{"message":"accessed the register page","level":"info"}
{"message":"New User registered","level":"info"}
{"message":"Trying to login","level":"info"}
{"message":"accessed the user profile page","level":"info"}
{"message":"Ashish has logged out","level":"info"}
{"message":"accessed the home page","level":"info"}
{"message":"Trying to login","level":"info"}
{"message":"accessed the user profile page","level":"info"}
{"message":"Acessed the intro page","level":"info"}
{"message":"Acessed the jobs page","level":"info"}
{"message":"Acessed the meme page","level":"info"}
{"message":"Acessed the jobs page","level":"info"}
{"message":"Acessed the meme page","level":"info"}
